2023-06-29 03:59:02,775:WARNING:
'cuml' is a soft dependency and not included in the pycaret installation. Please run: `pip install cuml` to install.
2023-06-29 03:59:02,776:WARNING:
'cuml' is a soft dependency and not included in the pycaret installation. Please run: `pip install cuml` to install.
2023-06-29 03:59:02,776:WARNING:
'cuml' is a soft dependency and not included in the pycaret installation. Please run: `pip install cuml` to install.
2023-06-29 03:59:02,776:WARNING:
'cuml' is a soft dependency and not included in the pycaret installation. Please run: `pip install cuml` to install.
2023-06-29 03:59:11,641:WARNING:
'prophet' is a soft dependency and not included in the pycaret installation. Please run: `pip install prophet` to install.
2023-06-29 03:59:11,757:INFO:PyCaret ClassificationExperiment
2023-06-29 03:59:11,757:INFO:Logging name: clf-default-name
2023-06-29 03:59:11,757:INFO:ML Usecase: MLUsecase.CLASSIFICATION
2023-06-29 03:59:11,757:INFO:version 3.0.3
2023-06-29 03:59:11,757:INFO:Initializing setup()
2023-06-29 03:59:11,757:INFO:self.USI: 6b15
2023-06-29 03:59:11,757:INFO:self._variable_keys: {'seed', 'pipeline', '_ml_usecase', 'html_param', 'idx', 'exp_name_log', 'y_train', 'fold_generator', 'X_test', 'n_jobs_param', 'X_train', 'target_param', 'X', 'fold_shuffle_param', 'logging_param', 'gpu_n_jobs_param', 'is_multiclass', 'USI', 'gpu_param', 'fold_groups_param', 'fix_imbalance', '_available_plots', 'y_test', 'exp_id', 'log_plots_param', 'y', 'data', 'memory'}
2023-06-29 03:59:11,757:INFO:Checking environment
2023-06-29 03:59:11,757:INFO:python_version: 3.10.11
2023-06-29 03:59:11,757:INFO:python_build: ('main', 'Apr  7 2023 07:24:53')
2023-06-29 03:59:11,757:INFO:machine: arm64
2023-06-29 03:59:11,757:INFO:platform: macOS-13.4.1-arm64-arm-64bit
2023-06-29 03:59:11,757:INFO:Memory: svmem(total=8589934592, available=1553481728, percent=81.9, used=2895691776, free=23363584, active=1546633216, inactive=1512275968, wired=1349058560)
2023-06-29 03:59:11,757:INFO:Physical Core: 8
2023-06-29 03:59:11,757:INFO:Logical Core: 8
2023-06-29 03:59:11,757:INFO:Checking libraries
2023-06-29 03:59:11,757:INFO:System:
2023-06-29 03:59:11,757:INFO:    python: 3.10.11 (main, Apr  7 2023, 07:24:53) [Clang 14.0.0 (clang-1400.0.29.202)]
2023-06-29 03:59:11,757:INFO:executable: /opt/homebrew/opt/python@3.10/bin/python3.10
2023-06-29 03:59:11,757:INFO:   machine: macOS-13.4.1-arm64-arm-64bit
2023-06-29 03:59:11,757:INFO:PyCaret required dependencies:
2023-06-29 03:59:11,758:INFO:                 pip: 23.1.2
2023-06-29 03:59:11,758:INFO:          setuptools: 67.6.1
2023-06-29 03:59:11,758:INFO:             pycaret: 3.0.3
2023-06-29 03:59:11,758:INFO:             IPython: 8.4.0
2023-06-29 03:59:11,758:INFO:          ipywidgets: 8.0.6
2023-06-29 03:59:11,758:INFO:                tqdm: 4.64.0
2023-06-29 03:59:11,758:INFO:               numpy: 1.23.5
2023-06-29 03:59:11,758:INFO:              pandas: 1.5.3
2023-06-29 03:59:11,758:INFO:              jinja2: 3.1.2
2023-06-29 03:59:11,758:INFO:               scipy: 1.10.1
2023-06-29 03:59:11,758:INFO:              joblib: 1.2.0
2023-06-29 03:59:11,758:INFO:             sklearn: 1.2.2
2023-06-29 03:59:11,758:INFO:                pyod: 1.1.0
2023-06-29 03:59:11,758:INFO:            imblearn: 0.10.1
2023-06-29 03:59:11,758:INFO:   category_encoders: 2.6.1
2023-06-29 03:59:11,758:INFO:            lightgbm: 3.3.2
2023-06-29 03:59:11,758:INFO:               numba: 0.57.0
2023-06-29 03:59:11,758:INFO:            requests: 2.28.1
2023-06-29 03:59:11,758:INFO:          matplotlib: 3.7.1
2023-06-29 03:59:11,759:INFO:          scikitplot: 0.3.7
2023-06-29 03:59:11,759:INFO:         yellowbrick: 1.5
2023-06-29 03:59:11,759:INFO:              plotly: 5.10.0
2023-06-29 03:59:11,759:INFO:    plotly-resampler: Not installed
2023-06-29 03:59:11,759:INFO:             kaleido: 0.2.1
2023-06-29 03:59:11,759:INFO:           schemdraw: 0.15
2023-06-29 03:59:11,759:INFO:         statsmodels: 0.13.2
2023-06-29 03:59:11,759:INFO:              sktime: 0.20.0
2023-06-29 03:59:11,759:INFO:               tbats: 1.1.3
2023-06-29 03:59:11,759:INFO:            pmdarima: 2.0.3
2023-06-29 03:59:11,759:INFO:              psutil: 5.9.1
2023-06-29 03:59:11,759:INFO:          markupsafe: 2.1.3
2023-06-29 03:59:11,759:INFO:             pickle5: Not installed
2023-06-29 03:59:11,759:INFO:         cloudpickle: 2.1.0
2023-06-29 03:59:11,759:INFO:         deprecation: 2.1.0
2023-06-29 03:59:11,759:INFO:              xxhash: 3.2.0
2023-06-29 03:59:11,759:INFO:           wurlitzer: 3.0.3
2023-06-29 03:59:11,759:INFO:PyCaret optional dependencies:
2023-06-29 03:59:11,765:INFO:                shap: Not installed
2023-06-29 03:59:11,765:INFO:           interpret: Not installed
2023-06-29 03:59:11,765:INFO:                umap: 0.5.3
2023-06-29 03:59:11,765:INFO:    pandas_profiling: Not installed
2023-06-29 03:59:11,765:INFO:  explainerdashboard: Not installed
2023-06-29 03:59:11,765:INFO:             autoviz: Not installed
2023-06-29 03:59:11,765:INFO:           fairlearn: Not installed
2023-06-29 03:59:11,765:INFO:          deepchecks: Not installed
2023-06-29 03:59:11,765:INFO:             xgboost: 1.6.1
2023-06-29 03:59:11,765:INFO:            catboost: Not installed
2023-06-29 03:59:11,765:INFO:              kmodes: Not installed
2023-06-29 03:59:11,765:INFO:             mlxtend: Not installed
2023-06-29 03:59:11,765:INFO:       statsforecast: Not installed
2023-06-29 03:59:11,765:INFO:        tune_sklearn: Not installed
2023-06-29 03:59:11,765:INFO:                 ray: Not installed
2023-06-29 03:59:11,765:INFO:            hyperopt: Not installed
2023-06-29 03:59:11,765:INFO:              optuna: Not installed
2023-06-29 03:59:11,765:INFO:               skopt: Not installed
2023-06-29 03:59:11,765:INFO:              mlflow: Not installed
2023-06-29 03:59:11,765:INFO:              gradio: Not installed
2023-06-29 03:59:11,765:INFO:             fastapi: Not installed
2023-06-29 03:59:11,765:INFO:             uvicorn: Not installed
2023-06-29 03:59:11,765:INFO:              m2cgen: Not installed
2023-06-29 03:59:11,765:INFO:           evidently: Not installed
2023-06-29 03:59:11,765:INFO:               fugue: Not installed
2023-06-29 03:59:11,765:INFO:           streamlit: Not installed
2023-06-29 03:59:11,765:INFO:             prophet: Not installed
2023-06-29 03:59:11,765:INFO:None
2023-06-29 03:59:11,765:INFO:Set up data.
